** Drc report for RGB_PICO_SATA_CONTROLLER.kicad_pcb **
** Created on 2026-04-17T20:49:46+1000 **

** Found 28 DRC violations **
[lib_footprint_mismatch]: Footprint 'D_SMB' does not match copy in library 'Diode_SMD'.
    Local override; warning
    @(134.5000 mm, 101.0000 mm): Footprint D1
[lib_footprint_mismatch]: Footprint 'MountingHole_3.2mm_M3' does not match copy in library 'MountingHole'.
    Local override; warning
    @(177.0000 mm, 129.5000 mm): Footprint MH4
[lib_footprint_mismatch]: Footprint 'SOT-23' does not match copy in library 'Package_TO_SOT_SMD'.
    Local override; warning
    @(161.5000 mm, 99.0000 mm): Footprint Q4
[lib_footprint_mismatch]: Footprint 'SOT-23' does not match copy in library 'Package_TO_SOT_SMD'.
    Local override; warning
    @(167.5000 mm, 99.0000 mm): Footprint Q5
[lib_footprint_mismatch]: Footprint 'SOT-23' does not match copy in library 'Package_TO_SOT_SMD'.
    Local override; warning
    @(173.5000 mm, 109.0000 mm): Footprint Q9
[lib_footprint_mismatch]: Footprint 'Fuse_1206_3216Metric' does not match copy in library 'Fuse'.
    Local override; warning
    @(134.5000 mm, 108.0000 mm): Footprint F1
[lib_footprint_mismatch]: Footprint 'PinHeader_1x04_P2.54mm_Vertical' does not match copy in library 'Connector_PinHeader_2.54mm'.
    Local override; warning
    @(179.5000 mm, 119.0000 mm): Footprint J7
[lib_footprint_mismatch]: Footprint 'SOT-23' does not match copy in library 'Package_TO_SOT_SMD'.
    Local override; warning
    @(161.5000 mm, 89.0000 mm): Footprint Q1
[lib_footprint_mismatch]: Footprint 'PinHeader_1x04_P2.54mm_Vertical' does not match copy in library 'Connector_PinHeader_2.54mm'.
    Local override; warning
    @(179.5000 mm, 109.0000 mm): Footprint J6
[lib_footprint_mismatch]: Footprint 'SOT-23' does not match copy in library 'Package_TO_SOT_SMD'.
    Local override; warning
    @(167.5000 mm, 109.0000 mm): Footprint Q8
[lib_footprint_mismatch]: Footprint 'MountingHole_3.2mm_M3' does not match copy in library 'MountingHole'.
    Local override; warning
    @(177.0000 mm, 80.5000 mm): Footprint MH2
[lib_footprint_mismatch]: Footprint 'PinHeader_2x20_P2.54mm_Vertical' does not match copy in library 'Connector_PinHeader_2.54mm'.
    Local override; warning
    @(147.5000 mm, 105.0000 mm): Footprint J2
[lib_footprint_mismatch]: Footprint 'PinHeader_1x04_P2.54mm_Vertical' does not match copy in library 'Connector_PinHeader_2.54mm'.
    Local override; warning
    @(179.5000 mm, 89.0000 mm): Footprint J4
[lib_footprint_mismatch]: Footprint 'C_0805_2012Metric' does not match copy in library 'Capacitor_SMD'.
    Local override; warning
    @(164.5000 mm, 83.4100 mm): Footprint C2
[lib_footprint_mismatch]: Footprint 'SOT-23' does not match copy in library 'Package_TO_SOT_SMD'.
    Local override; warning
    @(173.5000 mm, 89.0000 mm): Footprint Q3
[lib_footprint_mismatch]: Footprint 'SOT-23' does not match copy in library 'Package_TO_SOT_SMD'.
    Local override; warning
    @(161.5000 mm, 109.0000 mm): Footprint Q7
[lib_footprint_mismatch]: Footprint 'PinHeader_1x04_P2.54mm_Vertical' does not match copy in library 'Connector_PinHeader_2.54mm'.
    Local override; warning
    @(179.5000 mm, 99.0000 mm): Footprint J5
[lib_footprint_mismatch]: Footprint 'SOT-23' does not match copy in library 'Package_TO_SOT_SMD'.
    Local override; warning
    @(173.5000 mm, 99.0000 mm): Footprint Q6
[lib_footprint_mismatch]: Footprint 'SOT-223-3_TabPin2' does not match copy in library 'Package_TO_SOT_SMD'.
    Local override; warning
    @(164.5000 mm, 126.0000 mm): Footprint U1
[lib_footprint_mismatch]: Footprint 'MountingHole_3.2mm_M3' does not match copy in library 'MountingHole'.
    Local override; warning
    @(129.5000 mm, 129.5000 mm): Footprint MH3
[lib_footprint_mismatch]: Footprint 'C_0805_2012Metric' does not match copy in library 'Capacitor_SMD'.
    Local override; warning
    @(164.5000 mm, 104.5000 mm): Footprint C1
[lib_footprint_mismatch]: Footprint 'SOT-23' does not match copy in library 'Package_TO_SOT_SMD'.
    Local override; warning
    @(161.5000 mm, 119.0000 mm): Footprint Q10
[lib_footprint_mismatch]: Footprint 'MountingHole_3.2mm_M3' does not match copy in library 'MountingHole'.
    Local override; warning
    @(129.5000 mm, 80.5000 mm): Footprint MH1
[lib_footprint_mismatch]: Footprint 'SOT-23' does not match copy in library 'Package_TO_SOT_SMD'.
    Local override; warning
    @(167.5000 mm, 119.0000 mm): Footprint Q11
[lib_footprint_mismatch]: Footprint 'PinHeader_1x15_P2.54mm_Vertical' does not match copy in library 'Connector_PinHeader_2.54mm'.
    Local override; warning
    @(126.5000 mm, 104.0000 mm): Footprint J1
[lib_footprint_mismatch]: Footprint 'SOT-23' does not match copy in library 'Package_TO_SOT_SMD'.
    Local override; warning
    @(173.5000 mm, 119.0000 mm): Footprint Q12
[lib_footprint_mismatch]: Footprint 'SOT-23' does not match copy in library 'Package_TO_SOT_SMD'.
    Local override; warning
    @(167.5000 mm, 89.0000 mm): Footprint Q2
[silk_over_copper]: Silkscreen clipped by solder mask
    Local override; warning
    @(174.5000 mm, 83.0000 mm): Reference field of J4

** Found 0 unconnected pads **

** Found 0 Footprint errors **

** End of Report **
